2026-04-25 16:06:43,014 | INFO | Logging initialized
2026-04-25 16:06:43,014 | INFO | Log file: /home/jon/projects/OR568_ML_Project/ml_pipeline/model_outputs/runs/xgb_train_2015_2023_test_2025_2025_20260425_160643/logs/pipeline_run_20260425_160643.log
2026-04-25 16:06:43,014 | INFO | ============================================================
2026-04-25 16:06:43,014 | INFO | FLIGHT DELAY ML PIPELINE
2026-04-25 16:06:43,014 | INFO | ============================================================
2026-04-25 16:06:43,014 | INFO | [RUN] version=xgb_train_2015_2023_test_2025_2025_20260425_160643
2026-04-25 16:06:43,015 | INFO | [RUN] run_dir=/home/jon/projects/OR568_ML_Project/ml_pipeline/model_outputs/runs/xgb_train_2015_2023_test_2025_2025_20260425_160643
2026-04-25 16:06:43,015 | INFO | [SYSTEM] Detected 24 CPU cores
2026-04-25 16:06:43,015 | INFO | [SYSTEM] Using 8 worker cores
2026-04-25 16:06:43,015 | INFO | [SYSTEM] use_gpu=False
2026-04-25 16:06:43,015 | INFO | [PATH] canonical_dir=/home/jon/projects/OR568_ML_Project/data_pipeline/data/features
2026-04-25 16:06:43,015 | INFO | [PATH] output_dir=/home/jon/projects/OR568_ML_Project/ml_pipeline/model_outputs
2026-04-25 16:06:43,015 | INFO | [TF] CPU-only mode enabled.
2026-04-25 16:06:43,015 | INFO | [CONFIG] train_years=[2015, 2016, 2017, 2018, 2019, 2020, 2021, 2022, 2023]
2026-04-25 16:06:43,015 | INFO | [CONFIG] validation_years=[2024]
2026-04-25 16:06:43,015 | INFO | [CONFIG] test_years=[2025]
2026-04-25 16:06:43,015 | INFO | [CONFIG] all_years=[2015, 2016, 2017, 2018, 2019, 2020, 2021, 2022, 2023, 2024, 2025]
2026-04-25 16:06:43,015 | INFO | [CONFIG] cv_enabled=True
2026-04-25 16:06:43,015 | INFO | [CONFIG] use_validation_holdout=True
2026-04-25 16:06:43,015 | INFO | [CONFIG] sample_fraction_for_tuning=0.1
2026-04-25 16:06:43,015 | INFO | [CONFIG] sample_fraction_for_lstm_tuning=0.03
2026-04-25 16:06:43,015 | INFO | [MEM] startup | maxrss≈795.19 MB
2026-04-25 16:06:43,015 | INFO | [STEP] Starting memory-safe collect_modeling_splits
2026-04-25 16:06:43,015 | INFO | [DATA] years=[2015, 2016, 2017, 2018, 2019, 2020, 2021, 2022, 2023, 2024, 2025]
2026-04-25 16:06:43,015 | INFO | [DATA] projecting 41 required columns
2026-04-25 16:06:43,015 | INFO | [DATA] required columns=['aircraft_age', 'aircraft_leg_number_day', 'aircraft_no_eng', 'aircraft_no_seats', 'aircraft_year_mfr', 'arr_ceiling_height_m', 'arr_del15', 'arr_delay', 'arr_temp_c', 'arr_wind_dir_deg', 'arr_wind_speed_m_s', 'crs_elapsed_time', 'days_to_nearest_holiday', 'dep_ceiling_height_m', 'dep_hour_local', 'dep_month_local', 'dep_temp_c', 'dep_time_bucket', 'dep_ts_actual_utc', 'dep_weekday_local', 'dep_wind_dir_deg', 'dep_wind_speed_m_s', 'dest_flight_volume', 'distance', 'is_holiday', 'is_weekend', 'origin_flight_volume', 'prev1_arr_del15', 'prev1_arr_delay', 'prev1_dep_del15', 'prev1_dep_delay', 'prev1_turnaround_minutes', 'prev2_arr_del15', 'prev2_arr_delay', 'prev2_dep_del15', 'prev2_dep_delay', 'relative_leg_position', 'rotation_continuity_flag', 'route_frequency', 'time_since_prev2_arrival_minutes', 'year']
2026-04-25 16:06:43,015 | INFO | [LOAD] /home/jon/projects/OR568_ML_Project/data_pipeline/data/features/flights_canonical_2015.parquet
2026-04-25 16:06:43,035 | INFO | [LOAD] /home/jon/projects/OR568_ML_Project/data_pipeline/data/features/flights_canonical_2016.parquet
2026-04-25 16:06:43,043 | INFO | [LOAD] /home/jon/projects/OR568_ML_Project/data_pipeline/data/features/flights_canonical_2017.parquet
2026-04-25 16:06:43,052 | INFO | [LOAD] /home/jon/projects/OR568_ML_Project/data_pipeline/data/features/flights_canonical_2018.parquet
2026-04-25 16:06:43,063 | INFO | [LOAD] /home/jon/projects/OR568_ML_Project/data_pipeline/data/features/flights_canonical_2019.parquet
2026-04-25 16:06:43,075 | INFO | [LOAD] /home/jon/projects/OR568_ML_Project/data_pipeline/data/features/flights_canonical_2020.parquet
2026-04-25 16:06:43,082 | INFO | [LOAD] /home/jon/projects/OR568_ML_Project/data_pipeline/data/features/flights_canonical_2021.parquet
2026-04-25 16:06:43,091 | INFO | [LOAD] /home/jon/projects/OR568_ML_Project/data_pipeline/data/features/flights_canonical_2022.parquet
2026-04-25 16:06:43,101 | INFO | [LOAD] /home/jon/projects/OR568_ML_Project/data_pipeline/data/features/flights_canonical_2023.parquet
2026-04-25 16:06:43,111 | INFO | [LOAD] /home/jon/projects/OR568_ML_Project/data_pipeline/data/features/flights_canonical_2024.parquet
2026-04-25 16:06:43,123 | INFO | [LOAD] /home/jon/projects/OR568_ML_Project/data_pipeline/data/features/flights_canonical_2025.parquet
2026-04-25 16:06:43,133 | INFO | [TIMER] Load years lazy: 0.12s
2026-04-25 16:06:43,139 | INFO | [DATA] Aircraft enrichment enabled — joining FAA registry
2026-04-25 16:06:43,139 | INFO | [FAA] Using cached zip at /home/jon/projects/OR568_ML_Project/data_pipeline/data/faa_registry/ReleasableAircraft.zip
2026-04-25 16:06:48,308 | INFO | [FAA] ACFTREF columns (fixed): ['code', 'mfr', 'model', 'type_acft', 'type_eng', 'ac_cat', 'build_cert_ind', 'no_eng', 'no_seats', 'ac_weight', 'speed', 'tc_data_sheet', 'tc_data_holder', 'unnamed:_13']
2026-04-25 16:06:48,309 | INFO | [FAA] MASTER columns (fixed): ['n_number', 'serial_number', 'mfr_mdl_code', 'eng_mfr_mdl', 'year_mfr', 'type_registrant', 'name', 'street', 'street2', 'city', 'state', 'zip_code', 'region', 'county', 'country', 'last_action_date', 'cert_issue_date', 'certification', 'type_aircraft', 'type_engine', 'status_code', 'mode_s_code', 'fract_owner', 'air_worth_date', 'other_names(1)', 'other_names(2)', 'other_names(3)', 'other_names(4)', 'other_names(5)', 'expiration_date', 'unique_id', 'kit_mfr', 'kit_model', 'mode_s_code_hex', 'unnamed:_34']
2026-04-25 16:06:48,309 | INFO | [FAA] DEREG columns (fixed): ['n_number', 'serial_number', 'mfr_mdl_code', 'status_code', 'name', 'street_mail', 'street2_mail', 'city_mail', 'state_abbrev_mail', 'zip_code_mail', 'eng_mfr_mdl', 'year_mfr', 'certification', 'region', 'county_mail', 'country_mail', 'air_worth_date', 'cancel_date', 'mode_s_code', 'indicator_group', 'exp_country', 'last_act_date', 'cert_issue_date', 'street_physical', 'street2_physical', 'city_physical', 'state_abbrev_physical', 'zip_code_physical', 'county_physical', 'country_physical', 'other_names(1)', 'other_names(2)', 'other_names(3)', 'other_names(4)', 'other_names(5)', 'kit_mfr', 'kit_model', 'mode_s_code_hex', 'unnamed:_38']
2026-04-25 16:06:48,383 | INFO | [FAA] tail lookup built | rows=531,253 cols=['tail_number', 'mfr_mdl_code', 'year_mfr', 'type_acft', 'mfr', 'model', 'no_seats', 'ac_weight', 'no_eng']
2026-04-25 16:06:48,391 | INFO | [TIMER] Build modeling table lazy: 5.26s
2026-04-25 16:07:08,281 | INFO | [TIMER] Collect train: 19.89s
2026-04-25 16:07:08,283 | INFO | [SPLIT] train collected | years=[2015, 2016, 2017, 2018, 2019, 2020, 2021, 2022, 2023] rows=54,620,695 cols=41 est_size≈13518.93 MB
2026-04-25 16:07:24,220 | INFO | [TIMER] Collect validation: 15.94s
2026-04-25 16:07:24,222 | INFO | [SPLIT] validation collected | years=[2024] rows=6,947,566 cols=41 est_size≈1711.83 MB
2026-04-25 16:07:39,732 | INFO | [TIMER] Collect test: 15.51s
2026-04-25 16:07:39,734 | INFO | [SPLIT] test collected | years=[2025] rows=6,857,845 cols=41 est_size≈1689.53 MB
2026-04-25 16:07:39,734 | INFO | [TIMER] Collect all split partitions: 51.34s
2026-04-25 16:07:39,747 | INFO | [TIMER] Collect split modeling data: 56.73s
2026-04-25 16:07:39,748 | INFO | [TIMER] Collect split modeling data: 56.73s
2026-04-25 16:07:39,748 | INFO | [ROWS] train=54,620,695 validation=6,947,566 test=6,857,845
2026-04-25 16:07:39,749 | INFO | [DF] train_df | rows=54,620,695 cols=41 est_size≈13518.93 MB | columns=['aircraft_age', 'aircraft_leg_number_day', 'aircraft_no_eng', 'aircraft_no_seats', 'aircraft_year_mfr', 'arr_ceiling_height_m', 'arr_del15', 'arr_delay', 'arr_temp_c', 'arr_wind_dir_deg', 'arr_wind_speed_m_s', 'crs_elapsed_time'] ...
2026-04-25 16:07:39,750 | INFO | [DF] val_df | rows=6,947,566 cols=41 est_size≈1711.83 MB | columns=['aircraft_age', 'aircraft_leg_number_day', 'aircraft_no_eng', 'aircraft_no_seats', 'aircraft_year_mfr', 'arr_ceiling_height_m', 'arr_del15', 'arr_delay', 'arr_temp_c', 'arr_wind_dir_deg', 'arr_wind_speed_m_s', 'crs_elapsed_time'] ...
2026-04-25 16:07:39,752 | INFO | [DF] test_df | rows=6,857,845 cols=41 est_size≈1689.53 MB | columns=['aircraft_age', 'aircraft_leg_number_day', 'aircraft_no_eng', 'aircraft_no_seats', 'aircraft_year_mfr', 'arr_ceiling_height_m', 'arr_del15', 'arr_delay', 'arr_temp_c', 'arr_wind_dir_deg', 'arr_wind_speed_m_s', 'crs_elapsed_time'] ...
2026-04-25 16:07:39,752 | INFO | [MEM] after split collection | maxrss≈81342.11 MB
2026-04-25 16:07:39,752 | INFO | [STEP] Building rolling CV splits
2026-04-25 16:07:46,937 | INFO | [TIMER] Build rolling CV splits: 7.19s
2026-04-25 16:07:46,937 | INFO | [TIMER] Build rolling CV splits: 7.19s
2026-04-25 16:07:46,937 | INFO | [CV] built 5 folds
2026-04-25 16:07:46,937 | INFO | [CV] fold=1 train_years=[2015, 2016, 2017, 2018] val_year=2019
2026-04-25 16:07:46,937 | INFO | [CV] fold=2 train_years=[2015, 2016, 2017, 2018, 2019] val_year=2020
2026-04-25 16:07:46,937 | INFO | [CV] fold=3 train_years=[2015, 2016, 2017, 2018, 2019, 2020] val_year=2021
2026-04-25 16:07:46,937 | INFO | [CV] fold=4 train_years=[2015, 2016, 2017, 2018, 2019, 2020, 2021] val_year=2022
2026-04-25 16:07:46,937 | INFO | [CV] fold=5 train_years=[2015, 2016, 2017, 2018, 2019, 2020, 2021, 2022] val_year=2023
2026-04-25 16:07:46,937 | INFO | [MEM] after CV split build | maxrss≈85526.35 MB
2026-04-25 16:07:46,937 | INFO | [STEP] Building final training dataframe
2026-04-25 16:07:46,944 | INFO | [FINAL TRAIN] rows used for final refit: 61,568,261
2026-04-25 16:07:46,945 | INFO | [DF] final_train_df | rows=61,568,261 cols=41 est_size≈15230.76 MB | columns=['aircraft_age', 'aircraft_leg_number_day', 'aircraft_no_eng', 'aircraft_no_seats', 'aircraft_year_mfr', 'arr_ceiling_height_m', 'arr_del15', 'arr_delay', 'arr_temp_c', 'arr_wind_dir_deg', 'arr_wind_speed_m_s', 'crs_elapsed_time'] ...
2026-04-25 16:07:46,945 | INFO | [MEM] after final_train_df creation | maxrss≈85526.35 MB
2026-04-25 16:07:46,945 | INFO | [XGB] Feature sets to run: ['xgb_schedule', 'xgb_context', 'xgb_2hop_propagation', 'xgb_full', 'xgb_full_aircraft']
2026-04-25 16:07:47,060 | INFO | [MEM] after releasing train_df/val_df before XGB loop | maxrss≈85526.35 MB
2026-04-25 16:07:47,060 | INFO | ============================================================
2026-04-25 16:07:47,060 | INFO | [XGB] Starting feature set: xgb_schedule
2026-04-25 16:07:47,060 | INFO | ============================================================
2026-04-25 16:07:47,060 | INFO | [XGB] number of features=9
2026-04-25 16:07:47,060 | INFO | [XGB] tune_xgb=False
2026-04-25 16:07:47,060 | INFO | [XGB:xgb_schedule] Using params={'n_estimators': 250, 'max_depth': 4, 'learning_rate': 0.05, 'subsample': 0.8, 'colsample_bytree': 0.8, 'min_child_weight': 1, 'reg_lambda': 1.0}
2026-04-25 16:07:47,060 | INFO | [XGB:xgb_schedule] Starting final refit + test
2026-04-25 16:07:51,681 | INFO | [XGB:xgb_schedule] final_fit_df rows=21,548,891 from original final_train_df rows=61,568,261
2026-04-25 16:09:37,440 | INFO | [TIMER] Final XGB refit + test: xgb_schedule: 110.38s
2026-04-25 16:09:37,440 | INFO | [TIMER] Final XGB refit + test: xgb_schedule: 110.38s
2026-04-25 16:09:37,440 | INFO | [XGB FINAL:xgb_schedule] Classification={'auc': 0.6890843827325245, 'f1': 0.10294883728874352, 'precision': 0.7636720694304926, 'recall': 0.055194756350978084, 'accuracy': 0.7855612076388429}
2026-04-25 16:09:37,440 | INFO | [XGB FINAL:xgb_schedule] Regression={'mae': 26.302671432495117, 'rmse': 57.28161014957702}
2026-04-25 16:09:37,863 | INFO | [ARTIFACTS:xgb_schedule] Saved artifacts: {'run_dir': '/home/jon/projects/OR568_ML_Project/ml_pipeline/model_outputs/runs/xgb_train_2015_2023_test_2025_2025_20260425_160643', 'logs_dir': '/home/jon/projects/OR568_ML_Project/ml_pipeline/model_outputs/runs/xgb_train_2015_2023_test_2025_2025_20260425_160643/logs', 'models_dir': '/home/jon/projects/OR568_ML_Project/ml_pipeline/model_outputs/runs/xgb_train_2015_2023_test_2025_2025_20260425_160643/models', 'evaluations_dir': '/home/jon/projects/OR568_ML_Project/ml_pipeline/model_outputs/runs/xgb_train_2015_2023_test_2025_2025_20260425_160643/evaluations', 'plots_dir': '/home/jon/projects/OR568_ML_Project/ml_pipeline/model_outputs/runs/xgb_train_2015_2023_test_2025_2025_20260425_160643/plots', 'tables_dir': '/home/jon/projects/OR568_ML_Project/ml_pipeline/model_outputs/runs/xgb_train_2015_2023_test_2025_2025_20260425_160643/tables', 'classifier_path': '/home/jon/projects/OR568_ML_Project/ml_pipeline/model_outputs/runs/xgb_train_2015_2023_test_2025_2025_20260425_160643/models/xgb_classifier_xgb_schedule.joblib', 'regressor_path': '/home/jon/projects/OR568_ML_Project/ml_pipeline/model_outputs/runs/xgb_train_2015_2023_test_2025_2025_20260425_160643/models/xgb_regressor_xgb_schedule.joblib', 'metadata_path': '/home/jon/projects/OR568_ML_Project/ml_pipeline/model_outputs/runs/xgb_train_2015_2023_test_2025_2025_20260425_160643/models/metadata_xgb_schedule.json', 'summary_json_path': '/home/jon/projects/OR568_ML_Project/ml_pipeline/model_outputs/runs/xgb_train_2015_2023_test_2025_2025_20260425_160643/evaluations/results_summary.json', 'feature_importance_csv_path': '/home/jon/projects/OR568_ML_Project/ml_pipeline/model_outputs/runs/xgb_train_2015_2023_test_2025_2025_20260425_160643/evaluations/feature_importance_xgb_schedule.csv', 'predictions_path': '/home/jon/projects/OR568_ML_Project/ml_pipeline/model_outputs/runs/xgb_train_2015_2023_test_2025_2025_20260425_160643/evaluations/test_predictions_xgb_schedule.parquet'}
2026-04-25 16:09:37,976 | INFO | [MEM] after cleanup for feature set: xgb_schedule | maxrss≈85604.35 MB
2026-04-25 16:09:37,976 | INFO | ============================================================
2026-04-25 16:09:37,976 | INFO | [XGB] Starting feature set: xgb_context
2026-04-25 16:09:37,976 | INFO | ============================================================
2026-04-25 16:09:37,976 | INFO | [XGB] number of features=20
2026-04-25 16:09:37,976 | INFO | [XGB] tune_xgb=False
2026-04-25 16:09:37,976 | INFO | [XGB:xgb_context] Using params={'n_estimators': 250, 'max_depth': 4, 'learning_rate': 0.05, 'subsample': 0.8, 'colsample_bytree': 0.8, 'min_child_weight': 1, 'reg_lambda': 1.0}
2026-04-25 16:09:37,976 | INFO | [XGB:xgb_context] Starting final refit + test
2026-04-25 16:09:42,456 | INFO | [XGB:xgb_context] final_fit_df rows=21,548,891 from original final_train_df rows=61,568,261
2026-04-25 16:12:02,097 | INFO | [TIMER] Final XGB refit + test: xgb_context: 144.12s
2026-04-25 16:12:02,097 | INFO | [TIMER] Final XGB refit + test: xgb_context: 144.12s
2026-04-25 16:12:02,097 | INFO | [XGB FINAL:xgb_context] Classification={'auc': 0.696679021742326, 'f1': 0.12265396370421848, 'precision': 0.7579893747445852, 'recall': 0.06672557770206408, 'accuracy': 0.7871902908275121}
2026-04-25 16:12:02,097 | INFO | [XGB FINAL:xgb_context] Regression={'mae': 25.591064453125, 'rmse': 56.85136871703266}
2026-04-25 16:12:02,462 | INFO | [ARTIFACTS:xgb_context] Saved artifacts: {'run_dir': '/home/jon/projects/OR568_ML_Project/ml_pipeline/model_outputs/runs/xgb_train_2015_2023_test_2025_2025_20260425_160643', 'logs_dir': '/home/jon/projects/OR568_ML_Project/ml_pipeline/model_outputs/runs/xgb_train_2015_2023_test_2025_2025_20260425_160643/logs', 'models_dir': '/home/jon/projects/OR568_ML_Project/ml_pipeline/model_outputs/runs/xgb_train_2015_2023_test_2025_2025_20260425_160643/models', 'evaluations_dir': '/home/jon/projects/OR568_ML_Project/ml_pipeline/model_outputs/runs/xgb_train_2015_2023_test_2025_2025_20260425_160643/evaluations', 'plots_dir': '/home/jon/projects/OR568_ML_Project/ml_pipeline/model_outputs/runs/xgb_train_2015_2023_test_2025_2025_20260425_160643/plots', 'tables_dir': '/home/jon/projects/OR568_ML_Project/ml_pipeline/model_outputs/runs/xgb_train_2015_2023_test_2025_2025_20260425_160643/tables', 'classifier_path': '/home/jon/projects/OR568_ML_Project/ml_pipeline/model_outputs/runs/xgb_train_2015_2023_test_2025_2025_20260425_160643/models/xgb_classifier_xgb_context.joblib', 'regressor_path': '/home/jon/projects/OR568_ML_Project/ml_pipeline/model_outputs/runs/xgb_train_2015_2023_test_2025_2025_20260425_160643/models/xgb_regressor_xgb_context.joblib', 'metadata_path': '/home/jon/projects/OR568_ML_Project/ml_pipeline/model_outputs/runs/xgb_train_2015_2023_test_2025_2025_20260425_160643/models/metadata_xgb_context.json', 'summary_json_path': '/home/jon/projects/OR568_ML_Project/ml_pipeline/model_outputs/runs/xgb_train_2015_2023_test_2025_2025_20260425_160643/evaluations/results_summary.json', 'feature_importance_csv_path': '/home/jon/projects/OR568_ML_Project/ml_pipeline/model_outputs/runs/xgb_train_2015_2023_test_2025_2025_20260425_160643/evaluations/feature_importance_xgb_context.csv', 'predictions_path': '/home/jon/projects/OR568_ML_Project/ml_pipeline/model_outputs/runs/xgb_train_2015_2023_test_2025_2025_20260425_160643/evaluations/test_predictions_xgb_context.parquet'}
2026-04-25 16:12:02,580 | INFO | [MEM] after cleanup for feature set: xgb_context | maxrss≈86726.30 MB
2026-04-25 16:12:02,580 | INFO | ============================================================
2026-04-25 16:12:02,580 | INFO | [XGB] Starting feature set: xgb_2hop_propagation
2026-04-25 16:12:02,580 | INFO | ============================================================
2026-04-25 16:12:02,580 | INFO | [XGB] number of features=30
2026-04-25 16:12:02,580 | INFO | [XGB] tune_xgb=False
2026-04-25 16:12:02,580 | INFO | [XGB:xgb_2hop_propagation] Using params={'n_estimators': 250, 'max_depth': 4, 'learning_rate': 0.05, 'subsample': 0.8, 'colsample_bytree': 0.8, 'min_child_weight': 1, 'reg_lambda': 1.0}
2026-04-25 16:12:02,580 | INFO | [XGB:xgb_2hop_propagation] Starting final refit + test
2026-04-25 16:12:06,963 | INFO | [XGB:xgb_2hop_propagation] final_fit_df rows=21,548,891 from original final_train_df rows=61,568,261
2026-04-25 16:14:42,855 | INFO | [TIMER] Final XGB refit + test: xgb_2hop_propagation: 160.28s
2026-04-25 16:14:42,856 | INFO | [TIMER] Final XGB refit + test: xgb_2hop_propagation: 160.28s
2026-04-25 16:14:42,856 | INFO | [XGB FINAL:xgb_2hop_propagation] Classification={'auc': 0.8325281659895459, 'f1': 0.5242678511231784, 'precision': 0.7885921689223894, 'recall': 0.39265556862993906, 'accuracy': 0.8411340588770962}
2026-04-25 16:14:42,856 | INFO | [XGB FINAL:xgb_2hop_propagation] Regression={'mae': 21.052154541015625, 'rmse': 50.07248895741677}
2026-04-25 16:14:43,219 | INFO | [ARTIFACTS:xgb_2hop_propagation] Saved artifacts: {'run_dir': '/home/jon/projects/OR568_ML_Project/ml_pipeline/model_outputs/runs/xgb_train_2015_2023_test_2025_2025_20260425_160643', 'logs_dir': '/home/jon/projects/OR568_ML_Project/ml_pipeline/model_outputs/runs/xgb_train_2015_2023_test_2025_2025_20260425_160643/logs', 'models_dir': '/home/jon/projects/OR568_ML_Project/ml_pipeline/model_outputs/runs/xgb_train_2015_2023_test_2025_2025_20260425_160643/models', 'evaluations_dir': '/home/jon/projects/OR568_ML_Project/ml_pipeline/model_outputs/runs/xgb_train_2015_2023_test_2025_2025_20260425_160643/evaluations', 'plots_dir': '/home/jon/projects/OR568_ML_Project/ml_pipeline/model_outputs/runs/xgb_train_2015_2023_test_2025_2025_20260425_160643/plots', 'tables_dir': '/home/jon/projects/OR568_ML_Project/ml_pipeline/model_outputs/runs/xgb_train_2015_2023_test_2025_2025_20260425_160643/tables', 'classifier_path': '/home/jon/projects/OR568_ML_Project/ml_pipeline/model_outputs/runs/xgb_train_2015_2023_test_2025_2025_20260425_160643/models/xgb_classifier_xgb_2hop_propagation.joblib', 'regressor_path': '/home/jon/projects/OR568_ML_Project/ml_pipeline/model_outputs/runs/xgb_train_2015_2023_test_2025_2025_20260425_160643/models/xgb_regressor_xgb_2hop_propagation.joblib', 'metadata_path': '/home/jon/projects/OR568_ML_Project/ml_pipeline/model_outputs/runs/xgb_train_2015_2023_test_2025_2025_20260425_160643/models/metadata_xgb_2hop_propagation.json', 'summary_json_path': '/home/jon/projects/OR568_ML_Project/ml_pipeline/model_outputs/runs/xgb_train_2015_2023_test_2025_2025_20260425_160643/evaluations/results_summary.json', 'feature_importance_csv_path': '/home/jon/projects/OR568_ML_Project/ml_pipeline/model_outputs/runs/xgb_train_2015_2023_test_2025_2025_20260425_160643/evaluations/feature_importance_xgb_2hop_propagation.csv', 'predictions_path': '/home/jon/projects/OR568_ML_Project/ml_pipeline/model_outputs/runs/xgb_train_2015_2023_test_2025_2025_20260425_160643/evaluations/test_predictions_xgb_2hop_propagation.parquet'}
2026-04-25 16:14:43,343 | INFO | [MEM] after cleanup for feature set: xgb_2hop_propagation | maxrss≈87886.78 MB
2026-04-25 16:14:43,343 | INFO | ============================================================
2026-04-25 16:14:43,343 | INFO | [XGB] Starting feature set: xgb_full
2026-04-25 16:14:43,343 | INFO | ============================================================
2026-04-25 16:14:43,343 | INFO | [XGB] number of features=33
2026-04-25 16:14:43,343 | INFO | [XGB] tune_xgb=False
2026-04-25 16:14:43,343 | INFO | [XGB:xgb_full] Using params={'n_estimators': 250, 'max_depth': 4, 'learning_rate': 0.05, 'subsample': 0.8, 'colsample_bytree': 0.8, 'min_child_weight': 1, 'reg_lambda': 1.0}
2026-04-25 16:14:43,343 | INFO | [XGB:xgb_full] Starting final refit + test
2026-04-25 16:14:47,775 | INFO | [XGB:xgb_full] final_fit_df rows=21,548,891 from original final_train_df rows=61,568,261
2026-04-25 16:17:24,894 | INFO | [TIMER] Final XGB refit + test: xgb_full: 161.55s
2026-04-25 16:17:24,899 | INFO | [TIMER] Final XGB refit + test: xgb_full: 161.56s
2026-04-25 16:17:24,899 | INFO | [XGB FINAL:xgb_full] Classification={'auc': 0.8339308648273254, 'f1': 0.5263061253665257, 'precision': 0.7935749336188098, 'recall': 0.39370864154248364, 'accuracy': 0.8420047405562534}
2026-04-25 16:17:24,899 | INFO | [XGB FINAL:xgb_full] Regression={'mae': 20.939664840698242, 'rmse': 48.781052309817234}
2026-04-25 16:17:25,243 | INFO | [ARTIFACTS:xgb_full] Saved artifacts: {'run_dir': '/home/jon/projects/OR568_ML_Project/ml_pipeline/model_outputs/runs/xgb_train_2015_2023_test_2025_2025_20260425_160643', 'logs_dir': '/home/jon/projects/OR568_ML_Project/ml_pipeline/model_outputs/runs/xgb_train_2015_2023_test_2025_2025_20260425_160643/logs', 'models_dir': '/home/jon/projects/OR568_ML_Project/ml_pipeline/model_outputs/runs/xgb_train_2015_2023_test_2025_2025_20260425_160643/models', 'evaluations_dir': '/home/jon/projects/OR568_ML_Project/ml_pipeline/model_outputs/runs/xgb_train_2015_2023_test_2025_2025_20260425_160643/evaluations', 'plots_dir': '/home/jon/projects/OR568_ML_Project/ml_pipeline/model_outputs/runs/xgb_train_2015_2023_test_2025_2025_20260425_160643/plots', 'tables_dir': '/home/jon/projects/OR568_ML_Project/ml_pipeline/model_outputs/runs/xgb_train_2015_2023_test_2025_2025_20260425_160643/tables', 'classifier_path': '/home/jon/projects/OR568_ML_Project/ml_pipeline/model_outputs/runs/xgb_train_2015_2023_test_2025_2025_20260425_160643/models/xgb_classifier_xgb_full.joblib', 'regressor_path': '/home/jon/projects/OR568_ML_Project/ml_pipeline/model_outputs/runs/xgb_train_2015_2023_test_2025_2025_20260425_160643/models/xgb_regressor_xgb_full.joblib', 'metadata_path': '/home/jon/projects/OR568_ML_Project/ml_pipeline/model_outputs/runs/xgb_train_2015_2023_test_2025_2025_20260425_160643/models/metadata_xgb_full.json', 'summary_json_path': '/home/jon/projects/OR568_ML_Project/ml_pipeline/model_outputs/runs/xgb_train_2015_2023_test_2025_2025_20260425_160643/evaluations/results_summary.json', 'feature_importance_csv_path': '/home/jon/projects/OR568_ML_Project/ml_pipeline/model_outputs/runs/xgb_train_2015_2023_test_2025_2025_20260425_160643/evaluations/feature_importance_xgb_full.csv', 'predictions_path': '/home/jon/projects/OR568_ML_Project/ml_pipeline/model_outputs/runs/xgb_train_2015_2023_test_2025_2025_20260425_160643/evaluations/test_predictions_xgb_full.parquet'}
2026-04-25 16:17:25,368 | INFO | [MEM] after cleanup for feature set: xgb_full | maxrss≈87907.86 MB
2026-04-25 16:17:25,368 | INFO | ============================================================
2026-04-25 16:17:25,368 | INFO | [XGB] Starting feature set: xgb_full_aircraft
2026-04-25 16:17:25,368 | INFO | ============================================================
2026-04-25 16:17:25,368 | INFO | [XGB] number of features=37
2026-04-25 16:17:25,368 | INFO | [XGB] tune_xgb=False
2026-04-25 16:17:25,368 | INFO | [XGB:xgb_full_aircraft] Using params={'n_estimators': 250, 'max_depth': 4, 'learning_rate': 0.05, 'subsample': 0.8, 'colsample_bytree': 0.8, 'min_child_weight': 1, 'reg_lambda': 1.0}
2026-04-25 16:17:25,368 | INFO | [XGB:xgb_full_aircraft] Starting final refit + test
2026-04-25 16:17:29,918 | INFO | [XGB:xgb_full_aircraft] final_fit_df rows=21,548,891 from original final_train_df rows=61,568,261
2026-04-25 16:20:16,587 | INFO | [TIMER] Final XGB refit + test: xgb_full_aircraft: 171.22s
2026-04-25 16:20:16,596 | INFO | [TIMER] Final XGB refit + test: xgb_full_aircraft: 171.23s
2026-04-25 16:20:16,596 | INFO | [XGB FINAL:xgb_full_aircraft] Classification={'auc': 0.8332144754759223, 'f1': 0.5252165321224352, 'precision': 0.794803852042338, 'recall': 0.39219051593377807, 'accuracy': 0.8419246862534805}
2026-04-25 16:20:16,596 | INFO | [XGB FINAL:xgb_full_aircraft] Regression={'mae': 20.940397262573242, 'rmse': 48.76717696184725}
2026-04-25 16:20:16,938 | INFO | [ARTIFACTS:xgb_full_aircraft] Saved artifacts: {'run_dir': '/home/jon/projects/OR568_ML_Project/ml_pipeline/model_outputs/runs/xgb_train_2015_2023_test_2025_2025_20260425_160643', 'logs_dir': '/home/jon/projects/OR568_ML_Project/ml_pipeline/model_outputs/runs/xgb_train_2015_2023_test_2025_2025_20260425_160643/logs', 'models_dir': '/home/jon/projects/OR568_ML_Project/ml_pipeline/model_outputs/runs/xgb_train_2015_2023_test_2025_2025_20260425_160643/models', 'evaluations_dir': '/home/jon/projects/OR568_ML_Project/ml_pipeline/model_outputs/runs/xgb_train_2015_2023_test_2025_2025_20260425_160643/evaluations', 'plots_dir': '/home/jon/projects/OR568_ML_Project/ml_pipeline/model_outputs/runs/xgb_train_2015_2023_test_2025_2025_20260425_160643/plots', 'tables_dir': '/home/jon/projects/OR568_ML_Project/ml_pipeline/model_outputs/runs/xgb_train_2015_2023_test_2025_2025_20260425_160643/tables', 'classifier_path': '/home/jon/projects/OR568_ML_Project/ml_pipeline/model_outputs/runs/xgb_train_2015_2023_test_2025_2025_20260425_160643/models/xgb_classifier_xgb_full_aircraft.joblib', 'regressor_path': '/home/jon/projects/OR568_ML_Project/ml_pipeline/model_outputs/runs/xgb_train_2015_2023_test_2025_2025_20260425_160643/models/xgb_regressor_xgb_full_aircraft.joblib', 'metadata_path': '/home/jon/projects/OR568_ML_Project/ml_pipeline/model_outputs/runs/xgb_train_2015_2023_test_2025_2025_20260425_160643/models/metadata_xgb_full_aircraft.json', 'summary_json_path': '/home/jon/projects/OR568_ML_Project/ml_pipeline/model_outputs/runs/xgb_train_2015_2023_test_2025_2025_20260425_160643/evaluations/results_summary.json', 'feature_importance_csv_path': '/home/jon/projects/OR568_ML_Project/ml_pipeline/model_outputs/runs/xgb_train_2015_2023_test_2025_2025_20260425_160643/evaluations/feature_importance_xgb_full_aircraft.csv', 'predictions_path': '/home/jon/projects/OR568_ML_Project/ml_pipeline/model_outputs/runs/xgb_train_2015_2023_test_2025_2025_20260425_160643/evaluations/test_predictions_xgb_full_aircraft.parquet'}
2026-04-25 16:20:17,059 | INFO | [MEM] after cleanup for feature set: xgb_full_aircraft | maxrss≈87907.86 MB
2026-04-25 16:20:17,069 | INFO | ================================================
2026-04-25 16:20:17,069 | INFO | FINAL TEST RESULTS
2026-04-25 16:20:17,069 | INFO | ================================================
2026-04-25 16:20:17,069 | INFO | 
  model_family               details  test_auc   test_f1  test_precision  test_recall  test_accuracy   test_mae  test_rmse
0          xgb              xgb_full  0.833931  0.526306        0.793575     0.393709       0.842005  20.939665  48.781052
1          xgb     xgb_full_aircraft  0.833214  0.525217        0.794804     0.392191       0.841925  20.940397  48.767177
2          xgb  xgb_2hop_propagation  0.832528  0.524268        0.788592     0.392656       0.841134  21.052155  50.072489
3          xgb           xgb_context  0.696679  0.122654        0.757989     0.066726       0.787190  25.591064  56.851369
4          xgb          xgb_schedule  0.689084  0.102949        0.763672     0.055195       0.785561  26.302671  57.281610
2026-04-25 16:20:17,076 | INFO | ================================================
2026-04-25 16:20:17,076 | INFO | BEST OVERALL MODEL
2026-04-25 16:20:17,076 | INFO | ================================================
2026-04-25 16:20:17,076 | INFO | {'model_family': 'xgb', 'details': 'xgb_full', 'test_auc': 0.8339308648273254, 'test_f1': 0.5263061253665257, 'test_precision': 0.7935749336188098, 'test_recall': 0.39370864154248364, 'test_accuracy': 0.8420047405562534, 'test_mae': 20.939664840698242, 'test_rmse': 48.781052309817234}
2026-04-25 16:20:17,077 | INFO | [SAVE] Attempting to write results summary under: /home/jon/projects/OR568_ML_Project/ml_pipeline/model_outputs/runs/xgb_train_2015_2023_test_2025_2025_20260425_160643/evaluations
2026-04-25 16:20:17,077 | INFO | [SAVE] Wrote /home/jon/projects/OR568_ML_Project/ml_pipeline/model_outputs/runs/xgb_train_2015_2023_test_2025_2025_20260425_160643/evaluations/results_summary.json
2026-04-25 16:20:17,077 | INFO | [SAVE] Results summary written under: /home/jon/projects/OR568_ML_Project/ml_pipeline/model_outputs/runs/xgb_train_2015_2023_test_2025_2025_20260425_160643/evaluations
2026-04-25 16:20:17,077 | INFO | [TIMER] Save results summary: 0.00s
2026-04-25 16:20:17,077 | INFO | [TIMER] Save results summary: 0.00s
2026-04-25 16:20:37,509 | INFO | [VIZ] Generated evaluation plots and tables under /home/jon/projects/OR568_ML_Project/ml_pipeline/model_outputs/runs/xgb_train_2015_2023_test_2025_2025_20260425_160643
2026-04-25 16:20:37,510 | INFO | [TIMER] Generate visualizations: 20.43s
2026-04-25 16:20:37,510 | INFO | [TIMER] Generate visualizations: 20.43s
2026-04-25 16:20:37,648 | INFO | [MEM] before return | maxrss≈87907.86 MB
2026-04-25 16:20:37,648 | INFO | [TIMER] TOTAL PIPELINE TIME: 834.63s
2026-04-25 16:20:37,648 | INFO | [TIMER] TOTAL PIPELINE TIME: 834.63s
2026-04-25 16:20:37,777 | INFO | [MEM] final cleanup | maxrss≈87907.86 MB
